[debug] [2026-02-24T08:53:25.204Z] ----------------------------------------------------------------------
[debug] [2026-02-24T08:53:25.206Z] Command:       /Users/matiasespina/.nvm/versions/node/v22.9.0/bin/node /Users/matiasespina/.nvm/versions/node/v22.9.0/bin/firebase apphosting:secrets:set FIREBASE_APP_ID --project escriba-app-302f5 --data-file /var/folders/jb/rkmqywgs0q940p5x58wf8rjc0000gp/T/tmp.p9Qr00QFcU
[debug] [2026-02-24T08:53:25.206Z] CLI Version:   14.27.0
[debug] [2026-02-24T08:53:25.206Z] Platform:      darwin
[debug] [2026-02-24T08:53:25.206Z] Node Version:  v22.9.0
[debug] [2026-02-24T08:53:25.207Z] Time:          Tue Feb 24 2026 09:53:25 GMT+0100 (Central European Standard Time)
[debug] [2026-02-24T08:53:25.207Z] ----------------------------------------------------------------------
[debug] 
[debug] [2026-02-24T08:53:25.315Z] > command requires scopes: ["email","openid","https://www.googleapis.com/auth/cloudplatformprojects.readonly","https://www.googleapis.com/auth/firebase","https://www.googleapis.com/auth/cloud-platform"]
[debug] [2026-02-24T08:53:25.315Z] > authorizing via signed-in user (matiasespina1991@gmail.com)
[debug] [2026-02-24T08:53:25.316Z] > command requires scopes: ["email","openid","https://www.googleapis.com/auth/cloudplatformprojects.readonly","https://www.googleapis.com/auth/firebase","https://www.googleapis.com/auth/cloud-platform"]
[debug] [2026-02-24T08:53:25.316Z] > authorizing via signed-in user (matiasespina1991@gmail.com)
[debug] [2026-02-24T08:53:25.316Z] [iam] checking project escriba-app-302f5 for permissions ["firebase.projects.get","secretmanager.secrets.create","secretmanager.secrets.get","secretmanager.secrets.getIamPolicy","secretmanager.secrets.setIamPolicy","secretmanager.secrets.update","secretmanager.versions.add"]
[debug] [2026-02-24T08:53:25.316Z] Checked if tokens are valid: true, expires at: 1771926020629
[debug] [2026-02-24T08:53:25.316Z] Checked if tokens are valid: true, expires at: 1771926020629
[debug] [2026-02-24T08:53:25.317Z] >>> [apiv2][query] POST https://cloudresourcemanager.googleapis.com/v1/projects/escriba-app-302f5:testIamPermissions [none]
[debug] [2026-02-24T08:53:25.317Z] >>> [apiv2][(partial)header] POST https://cloudresourcemanager.googleapis.com/v1/projects/escriba-app-302f5:testIamPermissions x-goog-quota-user=projects/escriba-app-302f5
[debug] [2026-02-24T08:53:25.317Z] >>> [apiv2][body] POST https://cloudresourcemanager.googleapis.com/v1/projects/escriba-app-302f5:testIamPermissions {"permissions":["firebase.projects.get","secretmanager.secrets.create","secretmanager.secrets.get","secretmanager.secrets.getIamPolicy","secretmanager.secrets.setIamPolicy","secretmanager.secrets.update","secretmanager.versions.add"]}
[debug] [2026-02-24T08:53:26.193Z] <<< [apiv2][status] POST https://cloudresourcemanager.googleapis.com/v1/projects/escriba-app-302f5:testIamPermissions 200
[debug] [2026-02-24T08:53:26.193Z] <<< [apiv2][body] POST https://cloudresourcemanager.googleapis.com/v1/projects/escriba-app-302f5:testIamPermissions {"permissions":["firebase.projects.get","secretmanager.secrets.create","secretmanager.secrets.get","secretmanager.secrets.getIamPolicy","secretmanager.secrets.setIamPolicy","secretmanager.secrets.update","secretmanager.versions.add"]}
[debug] [2026-02-24T08:53:26.194Z] Checked if tokens are valid: true, expires at: 1771926020629
[debug] [2026-02-24T08:53:26.194Z] Checked if tokens are valid: true, expires at: 1771926020629
[debug] [2026-02-24T08:53:26.194Z] >>> [apiv2][query] GET https://cloudresourcemanager.googleapis.com/v1/projects/escriba-app-302f5 [none]
[debug] [2026-02-24T08:53:26.386Z] <<< [apiv2][status] GET https://cloudresourcemanager.googleapis.com/v1/projects/escriba-app-302f5 200
[debug] [2026-02-24T08:53:26.387Z] <<< [apiv2][body] GET https://cloudresourcemanager.googleapis.com/v1/projects/escriba-app-302f5 {"projectNumber":"107683862323","projectId":"escriba-app-302f5","lifecycleState":"ACTIVE","name":"Chavez Solutions","labels":{"firebase":"enabled"},"createTime":"2024-02-17T23:32:43.584922Z"}
[debug] [2026-02-24T08:53:26.387Z] Checked if tokens are valid: true, expires at: 1771926020629
[debug] [2026-02-24T08:53:26.387Z] Checked if tokens are valid: true, expires at: 1771926020629
[debug] [2026-02-24T08:53:26.387Z] >>> [apiv2][query] GET https://secretmanager.googleapis.com/v1/projects/escriba-app-302f5/secrets/FIREBASE_APP_ID [none]
[debug] [2026-02-24T08:53:26.901Z] <<< [apiv2][status] GET https://secretmanager.googleapis.com/v1/projects/escriba-app-302f5/secrets/FIREBASE_APP_ID 200
[debug] [2026-02-24T08:53:26.901Z] <<< [apiv2][body] GET https://secretmanager.googleapis.com/v1/projects/escriba-app-302f5/secrets/FIREBASE_APP_ID {"name":"projects/107683862323/secrets/FIREBASE_APP_ID","replication":{"automatic":{}},"createTime":"2026-02-24T08:49:29.242946Z","labels":{"firebase-managed":"apphosting"},"etag":"\"164b8df7322ffd\""}
[debug] [2026-02-24T08:53:26.902Z] Checked if tokens are valid: true, expires at: 1771926020629
[debug] [2026-02-24T08:53:26.903Z] Checked if tokens are valid: true, expires at: 1771926020629
[debug] [2026-02-24T08:53:26.903Z] >>> [apiv2][query] POST https://secretmanager.googleapis.com/v1/projects/escriba-app-302f5/secrets/FIREBASE_APP_ID:addVersion [none]
[debug] [2026-02-24T08:53:26.903Z] >>> [apiv2][body] POST https://secretmanager.googleapis.com/v1/projects/escriba-app-302f5/secrets/FIREBASE_APP_ID:addVersion {"payload":{"data":"Ry1RWTFKQ0NaM1Na"}}
